<?xml version="1.0" encoding="UTF-8"?>
<testng-results ignored="0" total="1" passed="1" failed="0" skipped="0">
  <reporter-output>
  </reporter-output>
  <suite started-at="2023-11-08T17:20:27 IST" name="Default suite" finished-at="2023-11-08T17:21:27 IST" duration-ms="59784">
    <groups>
      <group name="SmokeSuite">
        <method signature="CreateContactsDetailsTest.CreateContactsDetails()[pri:0, instance:TestNG_Org_Cont.CreateContactsDetailsTest@63475ace]" name="CreateContactsDetails" class="TestNG_Org_Cont.CreateContactsDetailsTest"/>
      </group> <!-- SmokeSuite -->
    </groups>
    <test started-at="2023-11-08T17:20:27 IST" name="Default test" finished-at="2023-11-08T17:21:27 IST" duration-ms="59784">
      <class name="TestNG_Org_Cont.CreateContactsDetailsTest">
        <test-method is-config="true" signature="bsConfig()[pri:0, instance:TestNG_Org_Cont.CreateContactsDetailsTest@63475ace]" started-at="2023-11-08T17:20:27 IST" name="bsConfig" finished-at="2023-11-08T17:20:27 IST" duration-ms="46" status="PASS">
          <reporter-output>
          </reporter-output>
        </test-method> <!-- bsConfig -->
        <test-method is-config="true" signature="bcConfig()[pri:0, instance:TestNG_Org_Cont.CreateContactsDetailsTest@63475ace]" started-at="2023-11-08T17:20:27 IST" name="bcConfig" finished-at="2023-11-08T17:20:44 IST" duration-ms="16839" status="PASS">
          <reporter-output>
          </reporter-output>
        </test-method> <!-- bcConfig -->
        <test-method is-config="true" signature="bnConfig()[pri:0, instance:TestNG_Org_Cont.CreateContactsDetailsTest@63475ace]" started-at="2023-11-08T17:20:44 IST" name="bnConfig" finished-at="2023-11-08T17:20:49 IST" duration-ms="5362" status="PASS">
          <reporter-output>
          </reporter-output>
        </test-method> <!-- bnConfig -->
        <test-method signature="CreateContactsDetails()[pri:0, instance:TestNG_Org_Cont.CreateContactsDetailsTest@63475ace]" started-at="2023-11-08T17:20:49 IST" name="CreateContactsDetails" finished-at="2023-11-08T17:21:14 IST" duration-ms="25080" status="PASS">
          <reporter-output>
          </reporter-output>
        </test-method> <!-- CreateContactsDetails -->
        <test-method is-config="true" signature="amConfig()[pri:0, instance:TestNG_Org_Cont.CreateContactsDetailsTest@63475ace]" started-at="2023-11-08T17:21:14 IST" name="amConfig" finished-at="2023-11-08T17:21:23 IST" duration-ms="8832" status="PASS">
          <reporter-output>
          </reporter-output>
        </test-method> <!-- amConfig -->
        <test-method is-config="true" signature="acConfig()[pri:0, instance:TestNG_Org_Cont.CreateContactsDetailsTest@63475ace]" started-at="2023-11-08T17:21:23 IST" name="acConfig" finished-at="2023-11-08T17:21:27 IST" duration-ms="3475" status="PASS">
          <reporter-output>
          </reporter-output>
        </test-method> <!-- acConfig -->
        <test-method is-config="true" signature="asConfig()[pri:0, instance:TestNG_Org_Cont.CreateContactsDetailsTest@63475ace]" started-at="2023-11-08T17:21:27 IST" name="asConfig" finished-at="2023-11-08T17:21:27 IST" duration-ms="1" status="PASS">
          <reporter-output>
          </reporter-output>
        </test-method> <!-- asConfig -->
      </class> <!-- TestNG_Org_Cont.CreateContactsDetailsTest -->
    </test> <!-- Default test -->
  </suite> <!-- Default suite -->
</testng-results>
