<?xml version="1.0" encoding="UTF-8"?>
<testng-results ignored="0" total="1" passed="1" failed="0" skipped="0">
  <reporter-output>
  </reporter-output>
  <suite started-at="2023-11-23T13:43:30 IST" name="Surefire suite" finished-at="2023-11-23T13:44:04 IST" duration-ms="33802">
    <groups>
      <group name="RegressionSuite">
        <method signature="CreatePrdtwithDropDsTest.CreatePrdtwithDropDs()[pri:0, instance:TestNG_Vndr_Prdt.CreatePrdtwithDropDsTest@3d74bf60]" name="CreatePrdtwithDropDs" class="TestNG_Vndr_Prdt.CreatePrdtwithDropDsTest"/>
      </group> <!-- RegressionSuite -->
    </groups>
    <test started-at="2023-11-23T13:43:30 IST" name="Surefire test" finished-at="2023-11-23T13:44:04 IST" duration-ms="33802">
      <class name="TestNG_Vndr_Prdt.CreatePrdtwithDropDsTest">
        <test-method is-config="true" signature="bsConfig()[pri:0, instance:TestNG_Vndr_Prdt.CreatePrdtwithDropDsTest@3d74bf60]" started-at="2023-11-23T13:43:30 IST" name="bsConfig" finished-at="2023-11-23T13:43:30 IST" duration-ms="16" status="PASS">
          <reporter-output>
          </reporter-output>
        </test-method> <!-- bsConfig -->
        <test-method is-config="true" signature="bcConfig()[pri:0, instance:TestNG_Vndr_Prdt.CreatePrdtwithDropDsTest@3d74bf60]" started-at="2023-11-23T13:43:30 IST" name="bcConfig" finished-at="2023-11-23T13:43:38 IST" duration-ms="7471" status="PASS">
          <reporter-output>
          </reporter-output>
        </test-method> <!-- bcConfig -->
        <test-method is-config="true" signature="bnConfig()[pri:0, instance:TestNG_Vndr_Prdt.CreatePrdtwithDropDsTest@3d74bf60]" started-at="2023-11-23T13:43:38 IST" name="bnConfig" finished-at="2023-11-23T13:43:40 IST" duration-ms="2251" status="PASS">
          <reporter-output>
          </reporter-output>
        </test-method> <!-- bnConfig -->
        <test-method signature="CreatePrdtwithDropDs()[pri:0, instance:TestNG_Vndr_Prdt.CreatePrdtwithDropDsTest@3d74bf60]" started-at="2023-11-23T13:43:40 IST" name="CreatePrdtwithDropDs" finished-at="2023-11-23T13:43:54 IST" duration-ms="14307" status="PASS">
          <reporter-output>
          </reporter-output>
        </test-method> <!-- CreatePrdtwithDropDs -->
        <test-method is-config="true" signature="amConfig()[pri:0, instance:TestNG_Vndr_Prdt.CreatePrdtwithDropDsTest@3d74bf60]" started-at="2023-11-23T13:43:55 IST" name="amConfig" finished-at="2023-11-23T13:44:02 IST" duration-ms="7828" status="PASS">
          <reporter-output>
          </reporter-output>
        </test-method> <!-- amConfig -->
        <test-method is-config="true" signature="acConfig()[pri:0, instance:TestNG_Vndr_Prdt.CreatePrdtwithDropDsTest@3d74bf60]" started-at="2023-11-23T13:44:02 IST" name="acConfig" finished-at="2023-11-23T13:44:04 IST" duration-ms="1872" status="PASS">
          <reporter-output>
          </reporter-output>
        </test-method> <!-- acConfig -->
        <test-method is-config="true" signature="asConfig()[pri:0, instance:TestNG_Vndr_Prdt.CreatePrdtwithDropDsTest@3d74bf60]" started-at="2023-11-23T13:44:04 IST" name="asConfig" finished-at="2023-11-23T13:44:04 IST" duration-ms="0" status="PASS">
          <reporter-output>
          </reporter-output>
        </test-method> <!-- asConfig -->
      </class> <!-- TestNG_Vndr_Prdt.CreatePrdtwithDropDsTest -->
    </test> <!-- Surefire test -->
  </suite> <!-- Surefire suite -->
</testng-results>
